0 5 1
1 2 5
3 5 2
0 5 1
1 2 5
2 5 2
0 5 1
1 5 2
24 2 5
0 5 1
1 5 2
23 2 5
0 5 1
1 5 2
22 2 5
0 5 1
1 5 2
21 2 5
0 5 1
1 5 2
20 2 5
0 5 1
1 5 2
19 2 5
0 5 1
1 5 2
18 2 5
0 5 1
1 5 2
17 2 5
0 5 1
1 5 2
16 2 5
0 5 1
1 5 2
15 2 5
0 5 1
1 5 2
14 2 5
0 5 1
1 5 2
13 2 5
0 5 1
1 5 2
12 2 5
0 5 1
1 5 2
11 2 5
0 5 1
1 5 2
10 2 5
0 5 1
1 5 2
9 2 5
0 5 1
1 5 2
8 2 5
0 5 1
1 5 2
7 2 5
0 5 1
1 5 2
6 2 5
0 5 1
1 5 2
5 2 5
0 5 1
1 5 2
4 2 5
0 5 1
1 5 2
3 2 5
0 5 1
1 5 2
2 2 5
0 2 5
23 5 1
24 5 2
0 2 5
23 5 2
24 5 1
0 2 5
22 5 1
24 5 2
0 2 5
22 5 1
23 5 2
0 2 5
22 5 2
24 5 1
0 2 5
22 5 2
23 5 1
0 2 5
21 5 1
24 5 2
0 2 5
21 5 1
23 5 2
0 2 5
21 5 1
22 5 2
0 2 5
21 5 2
24 5 1
0 2 5
21 5 2
23 5 1
0 2 5
21 5 2
22 5 1
0 2 5
20 5 1
24 5 2
0 2 5
20 5 1
23 5 2
0 2 5
20 5 1
22 5 2
0 2 5
20 5 1
21 5 2
0 2 5
20 5 2
24 5 1
0 2 5
20 5 2
23 5 1
0 2 5
20 5 2
22 5 1
0 2 5
20 5 2
21 5 1
0 2 5
19 5 1
24 5 2
0 2 5
19 5 1
23 5 2
0 2 5
19 5 1
22 5 2
0 2 5
19 5 1
21 5 2
0 2 5
19 5 1
20 5 2
0 2 5
19 5 2
24 5 1
0 2 5
19 5 2
23 5 1
0 2 5
19 5 2
22 5 1
0 2 5
19 5 2
21 5 1
0 2 5
19 5 2
20 5 1
0 2 5
18 5 1
24 5 2
0 2 5
18 5 1
23 5 2
0 2 5
18 5 1
22 5 2
0 2 5
18 5 1
21 5 2
0 2 5
18 5 1
20 5 2
0 2 5
18 5 1
19 5 2
0 2 5
18 5 2
24 5 1
0 2 5
18 5 2
23 5 1
0 2 5
18 5 2
22 5 1
0 2 5
18 5 2
21 5 1
0 2 5
18 5 2
20 5 1
0 2 5
18 5 2
19 5 1
0 2 5
17 5 1
24 5 2
0 2 5
17 5 1
23 5 2
0 2 5
17 5 1
22 5 2
0 2 5
17 5 1
21 5 2
0 2 5
17 5 1
20 5 2
0 2 5
17 5 1
19 5 2
0 2 5
17 5 1
18 5 2
0 2 5
17 5 2
24 5 1
0 2 5
17 5 2
23 5 1
0 2 5
17 5 2
22 5 1
0 2 5
17 5 2
21 5 1
0 2 5
17 5 2
20 5 1
0 2 5
17 5 2
19 5 1
0 2 5
17 5 2
18 5 1
0 2 5
16 5 1
24 5 2
0 2 5
16 5 1
23 5 2
0 2 5
16 5 1
22 5 2
0 2 5
16 5 1
21 5 2
0 2 5
16 5 1
20 5 2
0 2 5
16 5 1
19 5 2
0 2 5
16 5 1
18 5 2
0 2 5
16 5 1
17 5 2
0 2 5
16 5 2
24 5 1
0 2 5
16 5 2
23 5 1
0 2 5
16 5 2
22 5 1
0 2 5
16 5 2
21 5 1
0 2 5
16 5 2
20 5 1
0 2 5
16 5 2
19 5 1
0 2 5
16 5 2
18 5 1
0 2 5
16 5 2
17 5 1
0 2 5
15 5 1
24 5 2
0 2 5
15 5 1
23 5 2
0 2 5
15 5 1
22 5 2
0 2 5
15 5 1
21 5 2
0 2 5
15 5 1
20 5 2
0 2 5
15 5 1
19 5 2
0 2 5
15 5 1
18 5 2
0 2 5
15 5 1
17 5 2
0 2 5
15 5 1
16 5 2
0 2 5
15 5 2
24 5 1
0 2 5
15 5 2
23 5 1
0 2 5
15 5 2
22 5 1
0 2 5
15 5 2
21 5 1
0 2 5
15 5 2
20 5 1
0 2 5
15 5 2
19 5 1
0 2 5
15 5 2
18 5 1
0 2 5
15 5 2
17 5 1
0 2 5
15 5 2
16 5 1
0 2 5
14 5 1
24 5 2
0 2 5
14 5 1
23 5 2
0 2 5
14 5 1
22 5 2
0 2 5
14 5 1
21 5 2
0 2 5
14 5 1
20 5 2
0 2 5
14 5 1
19 5 2
0 2 5
14 5 1
18 5 2
0 2 5
14 5 1
17 5 2
0 2 5
14 5 1
16 5 2
0 2 5
14 5 1
15 5 2
0 2 5
14 5 2
24 5 1
0 2 5
14 5 2
23 5 1
0 2 5
14 5 2
22 5 1
0 2 5
14 5 2
21 5 1
0 2 5
14 5 2
20 5 1
0 2 5
14 5 2
19 5 1
0 2 5
14 5 2
18 5 1
0 2 5
14 5 2
17 5 1
0 2 5
14 5 2
16 5 1
0 2 5
14 5 2
15 5 1
0 2 5
13 5 1
24 5 2
0 2 5
13 5 1
23 5 2
0 2 5
13 5 1
22 5 2
0 2 5
13 5 1
21 5 2
0 2 5
13 5 1
20 5 2
0 2 5
13 5 1
19 5 2
0 2 5
13 5 1
18 5 2
0 2 5
13 5 1
17 5 2
0 2 5
13 5 1
16 5 2
0 2 5
13 5 1
15 5 2
0 2 5
13 5 1
14 5 2
0 2 5
13 5 2
24 5 1
0 2 5
13 5 2
23 5 1
0 2 5
13 5 2
22 5 1
0 2 5
13 5 2
21 5 1
0 2 5
13 5 2
20 5 1
0 2 5
13 5 2
19 5 1
0 2 5
13 5 2
18 5 1
0 2 5
13 5 2
17 5 1
0 2 5
13 5 2
16 5 1
0 2 5
13 5 2
15 5 1
0 2 5
13 5 2
14 5 1
0 2 5
12 5 1
24 5 2
0 2 5
12 5 1
23 5 2
0 2 5
12 5 1
22 5 2
0 2 5
12 5 1
21 5 2
0 2 5
12 5 1
20 5 2
0 2 5
12 5 1
19 5 2
0 2 5
12 5 1
18 5 2
0 2 5
12 5 1
17 5 2
0 2 5
12 5 1
16 5 2
0 2 5
12 5 1
15 5 2
0 2 5
12 5 1
14 5 2
0 2 5
12 5 1
13 5 2
0 2 5
12 5 2
24 5 1
0 2 5
12 5 2
23 5 1
0 2 5
12 5 2
22 5 1
0 2 5
12 5 2
21 5 1
0 2 5
12 5 2
20 5 1
0 2 5
12 5 2
19 5 1
0 2 5
12 5 2
18 5 1
0 2 5
12 5 2
17 5 1
0 2 5
12 5 2
16 5 1
0 2 5
12 5 2
15 5 1
0 2 5
12 5 2
14 5 1
0 2 5
12 5 2
13 5 1
0 2 5
11 5 1
24 5 2
0 2 5
11 5 1
23 5 2
0 2 5
11 5 1
22 5 2
0 2 5
11 5 1
21 5 2
0 2 5
11 5 1
20 5 2
0 2 5
11 5 1
19 5 2
0 2 5
11 5 1
18 5 2
0 2 5
11 5 1
17 5 2
0 2 5
11 5 1
16 5 2
0 2 5
11 5 1
15 5 2
0 2 5
11 5 1
14 5 2
0 2 5
11 5 1
13 5 2
0 2 5
11 5 1
12 5 2
0 2 5
11 5 2
24 5 1
0 2 5
11 5 2
23 5 1
0 2 5
11 5 2
22 5 1
0 2 5
11 5 2
21 5 1
0 2 5
11 5 2
20 5 1
0 2 5
11 5 2
19 5 1
0 2 5
11 5 2
18 5 1
0 2 5
11 5 2
17 5 1
0 2 5
11 5 2
16 5 1
0 2 5
11 5 2
15 5 1
0 2 5
11 5 2
14 5 1
0 2 5
11 5 2
13 5 1
0 2 5
11 5 2
12 5 1
0 2 5
10 5 1
24 5 2
0 2 5
10 5 1
23 5 2
0 2 5
10 5 1
22 5 2
0 2 5
10 5 1
21 5 2
0 2 5
10 5 1
20 5 2
0 2 5
10 5 1
19 5 2
0 2 5
10 5 1
18 5 2
0 2 5
10 5 1
17 5 2
0 2 5
10 5 1
16 5 2
0 2 5
10 5 1
15 5 2
0 2 5
10 5 1
14 5 2
0 2 5
10 5 1
13 5 2
0 2 5
10 5 1
12 5 2
0 2 5
10 5 1
11 5 2
0 2 5
10 5 2
24 5 1
0 2 5
10 5 2
23 5 1
0 2 5
10 5 2
22 5 1
0 2 5
10 5 2
21 5 1
0 2 5
10 5 2
20 5 1
0 2 5
10 5 2
19 5 1
0 2 5
10 5 2
18 5 1
0 2 5
10 5 2
17 5 1
0 2 5
10 5 2
16 5 1
0 2 5
10 5 2
15 5 1
0 2 5
10 5 2
14 5 1
0 2 5
10 5 2
13 5 1
0 2 5
10 5 2
12 5 1
0 2 5
10 5 2
11 5 1
0 2 5
9 5 1
24 5 2
0 2 5
9 5 1
23 5 2
0 2 5
9 5 1
22 5 2
0 2 5
9 5 1
21 5 2
0 2 5
9 5 1
20 5 2
0 2 5
9 5 1
19 5 2
0 2 5
9 5 1
18 5 2
0 2 5
9 5 1
17 5 2
0 2 5
9 5 1
16 5 2
0 2 5
9 5 1
15 5 2
0 2 5
9 5 1
14 5 2
0 2 5
9 5 1
13 5 2
0 2 5
9 5 1
12 5 2
0 2 5
9 5 1
11 5 2
0 2 5
9 5 1
10 5 2
0 2 5
9 5 2
24 5 1
0 2 5
9 5 2
23 5 1
0 2 5
9 5 2
22 5 1
0 2 5
9 5 2
21 5 1
0 2 5
9 5 2
20 5 1
0 2 5
9 5 2
19 5 1
0 2 5
9 5 2
18 5 1
0 2 5
9 5 2
17 5 1
0 2 5
9 5 2
16 5 1
0 2 5
9 5 2
15 5 1
0 2 5
9 5 2
14 5 1
0 2 5
9 5 2
13 5 1
0 2 5
9 5 2
12 5 1
0 2 5
9 5 2
11 5 1
0 2 5
9 5 2
10 5 1
0 2 5
8 5 1
24 5 2
0 2 5
8 5 1
23 5 2
0 2 5
8 5 1
22 5 2
0 2 5
8 5 1
21 5 2
0 2 5
8 5 1
20 5 2
0 2 5
8 5 1
19 5 2
0 2 5
8 5 1
18 5 2
0 2 5
8 5 1
17 5 2
0 2 5
8 5 1
16 5 2
0 2 5
8 5 1
15 5 2
0 2 5
8 5 1
14 5 2
0 2 5
8 5 1
13 5 2
0 2 5
8 5 1
12 5 2
0 2 5
8 5 1
11 5 2
0 2 5
8 5 1
10 5 2
0 2 5
8 5 1
9 5 2
0 2 5
8 5 2
24 5 1
0 2 5
8 5 2
23 5 1
0 2 5
8 5 2
22 5 1
0 2 5
8 5 2
21 5 1
0 2 5
8 5 2
20 5 1
0 2 5
8 5 2
19 5 1
0 2 5
8 5 2
18 5 1
0 2 5
8 5 2
17 5 1
0 2 5
8 5 2
16 5 1
0 2 5
8 5 2
15 5 1
0 2 5
8 5 2
14 5 1
0 2 5
8 5 2
13 5 1
0 2 5
8 5 2
12 5 1
0 2 5
8 5 2
11 5 1
0 2 5
8 5 2
10 5 1
0 2 5
8 5 2
9 5 1
0 2 5
7 5 1
24 5 2
0 2 5
7 5 1
23 5 2
0 2 5
7 5 1
22 5 2
0 2 5
7 5 1
21 5 2
0 2 5
7 5 1
20 5 2
0 2 5
7 5 1
19 5 2
0 2 5
7 5 1
18 5 2
0 2 5
7 5 1
17 5 2
0 2 5
7 5 1
16 5 2
0 2 5
7 5 1
15 5 2
0 2 5
7 5 1
14 5 2
0 2 5
7 5 1
13 5 2
0 2 5
7 5 1
12 5 2
0 2 5
7 5 1
11 5 2
0 2 5
7 5 1
10 5 2
0 2 5
7 5 1
9 5 2
0 2 5
7 5 1
8 5 2
0 2 5
7 5 2
24 5 1
0 2 5
7 5 2
23 5 1
0 2 5
7 5 2
22 5 1
0 2 5
7 5 2
21 5 1
0 2 5
7 5 2
20 5 1
0 2 5
7 5 2
19 5 1
0 2 5
7 5 2
18 5 1
0 2 5
7 5 2
17 5 1
0 2 5
7 5 2
16 5 1
0 2 5
7 5 2
15 5 1
0 2 5
7 5 2
14 5 1
0 2 5
7 5 2
13 5 1
0 2 5
7 5 2
12 5 1
0 2 5
7 5 2
11 5 1
0 2 5
7 5 2
10 5 1
0 2 5
7 5 2
9 5 1
0 2 5
7 5 2
8 5 1
0 2 5
6 5 1
24 5 2
0 2 5
6 5 1
23 5 2
0 2 5
6 5 1
22 5 2
0 2 5
6 5 1
21 5 2
0 2 5
6 5 1
20 5 2
0 2 5
6 5 1
19 5 2
0 2 5
6 5 1
18 5 2
0 2 5
6 5 1
17 5 2
0 2 5
6 5 1
16 5 2
0 2 5
6 5 1
15 5 2
0 2 5
6 5 1
14 5 2
0 2 5
6 5 1
13 5 2
0 2 5
6 5 1
12 5 2
0 2 5
6 5 1
11 5 2
0 2 5
6 5 1
10 5 2
0 2 5
6 5 1
9 5 2
0 2 5
6 5 1
8 5 2
0 2 5
6 5 1
7 5 2
0 2 5
6 5 2
24 5 1
0 2 5
6 5 2
23 5 1
0 2 5
6 5 2
22 5 1
0 2 5
6 5 2
21 5 1
0 2 5
6 5 2
20 5 1
0 2 5
6 5 2
19 5 1
0 2 5
6 5 2
18 5 1
0 2 5
6 5 2
17 5 1
0 2 5
6 5 2
16 5 1
0 2 5
6 5 2
15 5 1
0 2 5
6 5 2
14 5 1
0 2 5
6 5 2
13 5 1
0 2 5
6 5 2
12 5 1
0 2 5
6 5 2
11 5 1
0 2 5
6 5 2
10 5 1
0 2 5
6 5 2
9 5 1
0 2 5
6 5 2
8 5 1
0 2 5
6 5 2
7 5 1
0 2 5
5 5 1
24 5 2
0 2 5
5 5 1
23 5 2
0 2 5
5 5 1
22 5 2
0 2 5
5 5 1
21 5 2
0 2 5
5 5 1
20 5 2
0 2 5
5 5 1
19 5 2
0 2 5
5 5 1
18 5 2
0 2 5
5 5 1
17 5 2
0 2 5
5 5 1
16 5 2
0 2 5
5 5 1
15 5 2
0 2 5
5 5 1
14 5 2
0 2 5
5 5 1
13 5 2
0 2 5
5 5 1
12 5 2
0 2 5
5 5 1
11 5 2
0 2 5
5 5 1
10 5 2
0 2 5
5 5 1
9 5 2
0 2 5
5 5 1
8 5 2
0 2 5
5 5 1
7 5 2
0 2 5
5 5 1
6 5 2
0 2 5
5 5 2
24 5 1
0 2 5
5 5 2
23 5 1
0 2 5
5 5 2
22 5 1
0 2 5
5 5 2
21 5 1
0 2 5
5 5 2
20 5 1
0 2 5
5 5 2
19 5 1
0 2 5
5 5 2
18 5 1
0 2 5
5 5 2
17 5 1
0 2 5
5 5 2
16 5 1
0 2 5
5 5 2
15 5 1
0 2 5
5 5 2
14 5 1
0 2 5
5 5 2
13 5 1
0 2 5
5 5 2
12 5 1
0 2 5
5 5 2
11 5 1
0 2 5
5 5 2
10 5 1
0 2 5
5 5 2
9 5 1
0 2 5
5 5 2
8 5 1
0 2 5
5 5 2
7 5 1
0 2 5
5 5 2
6 5 1
0 2 5
4 5 1
24 5 2
0 2 5
4 5 1
23 5 2
0 2 5
4 5 1
22 5 2
0 2 5
4 5 1
21 5 2
0 2 5
4 5 1
20 5 2
0 2 5
4 5 1
19 5 2
0 2 5
4 5 1
18 5 2
0 2 5
4 5 1
17 5 2
0 2 5
4 5 1
16 5 2
0 2 5
4 5 1
15 5 2
0 2 5
4 5 1
14 5 2
0 2 5
4 5 1
13 5 2
0 2 5
4 5 1
12 5 2
0 2 5
4 5 1
11 5 2
0 2 5
4 5 1
10 5 2
0 2 5
4 5 1
9 5 2
0 2 5
4 5 1
8 5 2
0 2 5
4 5 1
7 5 2
0 2 5
4 5 1
6 5 2
0 2 5
4 5 1
5 5 2
0 2 5
4 5 2
24 5 1
0 2 5
4 5 2
23 5 1
0 2 5
4 5 2
22 5 1
0 2 5
4 5 2
21 5 1
0 2 5
4 5 2
20 5 1
0 2 5
4 5 2
19 5 1
0 2 5
4 5 2
18 5 1
0 2 5
4 5 2
17 5 1
0 2 5
4 5 2
16 5 1
0 2 5
4 5 2
15 5 1
0 2 5
4 5 2
14 5 1
0 2 5
4 5 2
13 5 1
0 2 5
4 5 2
12 5 1
0 2 5
4 5 2
11 5 1
0 2 5
4 5 2
10 5 1
0 2 5
4 5 2
9 5 1
0 2 5
4 5 2
8 5 1
0 2 5
4 5 2
7 5 1
0 2 5
4 5 2
6 5 1
0 2 5
4 5 2
5 5 1
0 2 5
3 5 1
24 5 2
0 2 5
3 5 1
23 5 2
0 2 5
3 5 1
22 5 2
0 2 5
3 5 1
21 5 2
0 2 5
3 5 1
20 5 2
0 2 5
3 5 1
19 5 2
0 2 5
3 5 1
18 5 2
0 2 5
3 5 1
17 5 2
0 2 5
3 5 1
16 5 2
0 2 5
3 5 1
15 5 2
0 2 5
3 5 1
14 5 2
0 2 5
3 5 1
13 5 2
0 2 5
3 5 1
12 5 2
0 2 5
3 5 1
11 5 2
0 2 5
3 5 1
10 5 2
0 2 5
3 5 1
9 5 2
0 2 5
3 5 1
8 5 2
0 2 5
3 5 1
7 5 2
0 2 5
3 5 1
6 5 2
0 2 5
3 5 1
5 5 2
0 2 5
3 5 1
4 5 2
0 2 5
3 5 2
24 5 1
0 2 5
3 5 2
23 5 1
0 2 5
3 5 2
22 5 1
0 2 5
3 5 2
21 5 1
0 2 5
3 5 2
20 5 1
0 2 5
3 5 2
19 5 1
0 2 5
3 5 2
18 5 1
0 2 5
3 5 2
17 5 1
0 2 5
3 5 2
16 5 1
0 2 5
3 5 2
15 5 1
0 2 5
3 5 2
14 5 1
0 2 5
3 5 2
13 5 1
0 2 5
3 5 2
12 5 1
0 2 5
3 5 2
11 5 1
0 2 5
3 5 2
10 5 1
0 2 5
3 5 2
9 5 1
0 2 5
3 5 2
8 5 1
0 2 5
3 5 2
7 5 1
0 2 5
3 5 2
6 5 1
0 2 5
3 5 2
5 5 1
0 2 5
3 5 2
4 5 1
0 2 5
2 5 1
24 5 2
0 2 5
2 5 1
23 5 2
0 2 5
2 5 1
22 5 2
0 2 5
2 5 1
21 5 2
0 2 5
2 5 1
20 5 2
0 2 5
2 5 1
19 5 2
0 2 5
2 5 1
18 5 2
0 2 5
2 5 1
17 5 2
0 2 5
2 5 1
16 5 2
0 2 5
2 5 1
15 5 2
0 2 5
2 5 1
14 5 2
0 2 5
2 5 1
13 5 2
0 2 5
2 5 1
12 5 2
0 2 5
2 5 1
11 5 2
0 2 5
2 5 1
10 5 2
0 2 5
2 5 1
9 5 2
0 2 5
2 5 1
8 5 2
0 2 5
2 5 1
7 5 2
0 2 5
2 5 1
6 5 2
0 2 5
2 5 1
5 5 2
0 2 5
2 5 1
4 5 2
0 2 5
2 5 1
3 5 2
0 2 5
2 5 2
24 5 1
0 2 5
2 5 2
23 5 1
0 2 5
2 5 2
22 5 1
0 2 5
2 5 2
21 5 1
0 2 5
2 5 2
20 5 1
0 2 5
2 5 2
19 5 1
0 2 5
2 5 2
18 5 1
0 2 5
2 5 2
17 5 1
0 2 5
2 5 2
16 5 1
0 2 5
2 5 2
15 5 1
0 2 5
2 5 2
14 5 1
0 2 5
2 5 2
13 5 1
0 2 5
2 5 2
12 5 1
0 2 5
2 5 2
11 5 1
0 2 5
2 5 2
10 5 1
0 2 5
2 5 2
9 5 1
0 2 5
2 5 2
8 5 1
0 2 5
2 5 2
7 5 1
0 2 5
2 5 2
6 5 1
0 2 5
2 5 2
5 5 1
0 2 5
2 5 2
4 5 1
0 2 5
2 5 2
3 5 1
0 2 5
1 5 1
24 5 2
0 2 5
1 5 1
23 5 2
0 2 5
1 5 1
22 5 2
0 2 5
1 5 1
21 5 2
0 2 5
1 5 1
20 5 2
0 2 5
1 5 1
19 5 2
0 2 5
1 5 1
18 5 2
0 2 5
1 5 1
17 5 2
0 2 5
1 5 1
16 5 2
0 2 5
1 5 1
15 5 2
0 2 5
1 5 1
14 5 2
0 2 5
1 5 1
13 5 2
0 2 5
1 5 1
12 5 2
0 2 5
1 5 1
11 5 2
0 2 5
1 5 1
10 5 2
0 2 5
1 5 1
9 5 2
0 2 5
1 5 1
8 5 2
0 2 5
1 5 1
7 5 2
0 2 5
1 5 1
6 5 2
0 2 5
1 5 1
5 5 2
0 2 5
1 5 1
4 5 2
0 2 5
1 5 1
3 5 2
0 2 5
1 5 1
2 5 2
0 2 5
1 5 2
24 5 1
0 2 5
1 5 2
23 5 1
0 2 5
1 5 2
22 5 1
0 2 5
1 5 2
21 5 1
0 2 5
1 5 2
20 5 1
0 2 5
1 5 2
19 5 1
0 2 5
1 5 2
18 5 1
0 2 5
1 5 2
17 5 1
0 2 5
1 5 2
16 5 1
0 2 5
1 5 2
15 5 1
0 2 5
1 5 2
14 5 1
0 2 5
1 5 2
13 5 1
0 2 5
1 5 2
12 5 1
0 2 5
1 5 2
11 5 1
0 2 5
1 5 2
10 5 1
0 2 5
1 5 2
9 5 1
0 2 5
1 5 2
8 5 1
0 2 5
1 5 2
7 5 1
0 2 5
1 5 2
6 5 1
0 2 5
1 5 2
5 5 1
0 2 5
1 5 2
4 5 1
0 2 5
1 5 2
3 5 1
0 2 5
1 5 2
2 5 1
0 5 2
23 5 1
24 2 5
0 5 2
23 2 5
24 5 1
0 5 2
22 5 1
24 2 5
0 5 2
22 5 1
23 2 5
0 5 2
22 2 5
24 5 1
0 5 2
22 2 5
23 5 1
0 5 2
21 5 1
24 2 5
0 5 2
21 5 1
23 2 5
0 5 2
21 5 1
22 2 5
0 5 2
21 2 5
24 5 1
0 5 2
21 2 5
23 5 1
0 5 2
21 2 5
22 5 1
0 5 2
20 5 1
24 2 5
0 5 2
20 5 1
23 2 5
0 5 2
20 5 1
22 2 5
0 5 2
20 5 1
21 2 5
0 5 2
20 2 5
24 5 1
0 5 2
20 2 5
23 5 1
0 5 2
20 2 5
22 5 1
0 5 2
20 2 5
21 5 1
0 5 2
19 5 1
24 2 5
0 5 2
19 5 1
23 2 5
0 5 2
19 5 1
22 2 5
0 5 2
19 5 1
21 2 5
0 5 2
19 5 1
20 2 5
0 5 2
19 2 5
24 5 1
0 5 2
19 2 5
23 5 1
0 5 2
19 2 5
22 5 1
0 5 2
19 2 5
21 5 1
0 5 2
19 2 5
20 5 1
0 5 2
18 5 1
24 2 5
0 5 2
18 5 1
23 2 5
0 5 2
18 5 1
22 2 5
0 5 2
18 5 1
21 2 5
0 5 2
18 5 1
20 2 5
0 5 2
18 5 1
19 2 5
0 5 2
18 2 5
24 5 1
0 5 2
18 2 5
23 5 1
0 5 2
18 2 5
22 5 1
0 5 2
18 2 5
21 5 1
0 5 2
18 2 5
20 5 1
0 5 2
18 2 5
19 5 1
0 5 2
17 5 1
24 2 5
0 5 2
17 5 1
23 2 5
0 5 2
17 5 1
22 2 5
0 5 2
17 5 1
21 2 5
0 5 2
17 5 1
20 2 5
0 5 2
17 5 1
19 2 5
0 5 2
17 5 1
18 2 5
0 5 2
17 2 5
24 5 1
0 5 2
17 2 5
23 5 1
0 5 2
17 2 5
22 5 1
0 5 2
17 2 5
21 5 1
0 5 2
17 2 5
20 5 1
0 5 2
17 2 5
19 5 1
0 5 2
17 2 5
18 5 1
0 5 2
16 5 1
24 2 5
0 5 2
16 5 1
23 2 5
0 5 2
16 5 1
22 2 5
0 5 2
16 5 1
21 2 5
0 5 2
16 5 1
20 2 5
0 5 2
16 5 1
19 2 5
0 5 2
16 5 1
18 2 5
0 5 2
16 5 1
17 2 5
0 5 2
16 2 5
24 5 1
0 5 2
16 2 5
23 5 1
0 5 2
16 2 5
22 5 1
0 5 2
16 2 5
21 5 1
0 5 2
16 2 5
20 5 1
0 5 2
16 2 5
19 5 1
0 5 2
16 2 5
18 5 1
0 5 2
16 2 5
17 5 1
0 5 2
15 5 1
24 2 5
0 5 2
15 5 1
23 2 5
0 5 2
15 5 1
22 2 5
0 5 2
15 5 1
21 2 5
0 5 2
15 5 1
20 2 5
0 5 2
15 5 1
19 2 5
0 5 2
15 5 1
18 2 5
0 5 2
15 5 1
17 2 5
0 5 2
15 5 1
16 2 5
0 5 2
15 2 5
24 5 1
0 5 2
15 2 5
23 5 1
0 5 2
15 2 5
22 5 1
0 5 2
15 2 5
21 5 1
0 5 2
15 2 5
20 5 1
0 5 2
15 2 5
19 5 1
0 5 2
15 2 5
18 5 1
0 5 2
15 2 5
17 5 1
0 5 2
15 2 5
16 5 1
0 5 2
14 5 1
24 2 5
0 5 2
14 5 1
23 2 5
0 5 2
14 5 1
22 2 5
0 5 2
14 5 1
21 2 5
0 5 2
14 5 1
20 2 5
0 5 2
14 5 1
19 2 5
0 5 2
14 5 1
18 2 5
0 5 2
14 5 1
17 2 5
0 5 2
14 5 1
16 2 5
0 5 2
14 5 1
15 2 5
0 5 2
14 2 5
24 5 1
0 5 2
14 2 5
23 5 1
0 5 2
14 2 5
22 5 1
0 5 2
14 2 5
21 5 1
0 5 2
14 2 5
20 5 1
0 5 2
14 2 5
19 5 1
0 5 2
14 2 5
18 5 1
0 5 2
14 2 5
17 5 1
0 5 2
14 2 5
16 5 1
0 5 2
14 2 5
15 5 1
0 5 2
13 5 1
24 2 5
0 5 2
13 5 1
23 2 5
0 5 2
13 5 1
22 2 5
0 5 2
13 5 1
21 2 5
0 5 2
13 5 1
20 2 5
0 5 2
13 5 1
19 2 5
0 5 2
13 5 1
18 2 5
0 5 2
13 5 1
17 2 5
0 5 2
13 5 1
16 2 5
0 5 2
13 5 1
15 2 5
0 5 2
13 5 1
14 2 5
0 5 2
13 2 5
24 5 1
0 5 2
13 2 5
23 5 1
0 5 2
13 2 5
22 5 1
0 5 2
13 2 5
21 5 1
0 5 2
13 2 5
20 5 1
0 5 2
13 2 5
19 5 1
0 5 2
13 2 5
18 5 1
0 5 2
13 2 5
17 5 1
0 5 2
13 2 5
16 5 1
0 5 2
13 2 5
15 5 1
0 5 2
13 2 5
14 5 1
0 5 2
12 5 1
24 2 5
0 5 2
12 5 1
23 2 5
0 5 2
12 5 1
22 2 5
0 5 2
12 5 1
21 2 5
0 5 2
12 5 1
20 2 5
0 5 2
12 5 1
19 2 5
0 5 2
12 5 1
18 2 5
0 5 2
12 5 1
17 2 5
0 5 2
12 5 1
16 2 5
0 5 2
12 5 1
15 2 5
0 5 2
12 5 1
14 2 5
0 5 2
12 5 1
13 2 5
0 5 2
12 2 5
24 5 1
0 5 2
12 2 5
23 5 1
0 5 2
12 2 5
22 5 1
0 5 2
12 2 5
21 5 1
0 5 2
12 2 5
20 5 1
0 5 2
12 2 5
19 5 1
0 5 2
12 2 5
18 5 1
0 5 2
12 2 5
17 5 1
0 5 2
12 2 5
16 5 1
0 5 2
12 2 5
15 5 1
0 5 2
12 2 5
14 5 1
0 5 2
12 2 5
13 5 1
0 5 2
11 5 1
24 2 5
0 5 2
11 5 1
23 2 5
0 5 2
11 5 1
22 2 5
0 5 2
11 5 1
21 2 5
0 5 2
11 5 1
20 2 5
0 5 2
11 5 1
19 2 5
0 5 2
11 5 1
18 2 5
0 5 2
11 5 1
17 2 5
0 5 2
11 5 1
16 2 5
0 5 2
11 5 1
15 2 5
0 5 2
11 5 1
14 2 5
0 5 2
11 5 1
13 2 5
0 5 2
11 5 1
12 2 5
0 5 2
11 2 5
24 5 1
0 5 2
11 2 5
23 5 1
0 5 2
11 2 5
22 5 1
0 5 2
11 2 5
21 5 1
0 5 2
11 2 5
20 5 1
0 5 2
11 2 5
19 5 1
0 5 2
11 2 5
18 5 1
0 5 2
11 2 5
17 5 1
0 5 2
11 2 5
16 5 1
0 5 2
11 2 5
15 5 1
0 5 2
11 2 5
14 5 1
0 5 2
11 2 5
13 5 1
0 5 2
11 2 5
12 5 1
0 5 2
10 5 1
24 2 5
0 5 2
10 5 1
23 2 5
0 5 2
10 5 1
22 2 5
0 5 2
10 5 1
21 2 5
0 5 2
10 5 1
20 2 5
0 5 2
10 5 1
19 2 5
0 5 2
10 5 1
18 2 5
0 5 2
10 5 1
17 2 5
0 5 2
10 5 1
16 2 5
0 5 2
10 5 1
15 2 5
0 5 2
10 5 1
14 2 5
0 5 2
10 5 1
13 2 5
0 5 2
10 5 1
12 2 5
0 5 2
10 5 1
11 2 5
0 5 2
10 2 5
24 5 1
0 5 2
10 2 5
23 5 1
0 5 2
10 2 5
22 5 1
0 5 2
10 2 5
21 5 1
0 5 2
10 2 5
20 5 1
0 5 2
10 2 5
19 5 1
0 5 2
10 2 5
18 5 1
0 5 2
10 2 5
17 5 1
0 5 2
10 2 5
16 5 1
0 5 2
10 2 5
15 5 1
0 5 2
10 2 5
14 5 1
0 5 2
10 2 5
13 5 1
0 5 2
10 2 5
12 5 1
0 5 2
10 2 5
11 5 1
0 5 2
9 5 1
24 2 5
0 5 2
9 5 1
23 2 5
0 5 2
9 5 1
22 2 5
0 5 2
9 5 1
21 2 5
0 5 2
9 5 1
20 2 5
0 5 2
9 5 1
19 2 5
0 5 2
9 5 1
18 2 5
0 5 2
9 5 1
17 2 5
0 5 2
9 5 1
16 2 5
0 5 2
9 5 1
15 2 5
0 5 2
9 5 1
14 2 5
0 5 2
9 5 1
13 2 5
0 5 2
9 5 1
12 2 5
0 5 2
9 5 1
11 2 5
0 5 2
9 5 1
10 2 5
0 5 2
9 2 5
24 5 1
0 5 2
9 2 5
23 5 1
0 5 2
9 2 5
22 5 1
0 5 2
9 2 5
21 5 1
0 5 2
9 2 5
20 5 1
0 5 2
9 2 5
19 5 1
0 5 2
9 2 5
18 5 1
0 5 2
9 2 5
17 5 1
0 5 2
9 2 5
16 5 1
0 5 2
9 2 5
15 5 1
0 5 2
9 2 5
14 5 1
0 5 2
9 2 5
13 5 1
0 5 2
9 2 5
12 5 1
0 5 2
9 2 5
11 5 1
0 5 2
9 2 5
10 5 1
0 5 2
8 5 1
24 2 5
0 5 2
8 5 1
23 2 5
0 5 2
8 5 1
22 2 5
0 5 2
8 5 1
21 2 5
0 5 2
8 5 1
20 2 5
0 5 2
8 5 1
19 2 5
0 5 2
8 5 1
18 2 5
0 5 2
8 5 1
17 2 5
0 5 2
8 5 1
16 2 5
0 5 2
8 5 1
15 2 5
0 5 2
8 5 1
14 2 5
0 5 2
8 5 1
13 2 5
0 5 2
8 5 1
12 2 5
0 5 2
8 5 1
11 2 5
0 5 2
8 5 1
10 2 5
0 5 2
8 5 1
9 2 5
0 5 2
8 2 5
24 5 1
0 5 2
8 2 5
23 5 1
0 5 2
8 2 5
22 5 1
0 5 2
8 2 5
21 5 1
0 5 2
8 2 5
20 5 1
0 5 2
8 2 5
19 5 1
0 5 2
8 2 5
18 5 1
0 5 2
8 2 5
17 5 1
0 5 2
8 2 5
16 5 1
0 5 2
8 2 5
15 5 1
0 5 2
8 2 5
14 5 1
0 5 2
8 2 5
13 5 1
0 5 2
8 2 5
12 5 1
0 5 2
8 2 5
11 5 1
0 5 2
8 2 5
10 5 1
0 5 2
8 2 5
9 5 1
0 5 2
7 5 1
24 2 5
0 5 2
7 5 1
23 2 5
0 5 2
7 5 1
22 2 5
0 5 2
7 5 1
21 2 5
0 5 2
7 5 1
20 2 5
0 5 2
7 5 1
19 2 5
0 5 2
7 5 1
18 2 5
0 5 2
7 5 1
17 2 5
0 5 2
7 5 1
16 2 5
0 5 2
7 5 1
15 2 5
0 5 2
7 5 1
14 2 5
0 5 2
7 5 1
13 2 5
0 5 2
7 5 1
12 2 5
0 5 2
7 5 1
11 2 5
0 5 2
7 5 1
10 2 5
0 5 2
7 5 1
9 2 5
0 5 2
7 5 1
8 2 5
0 5 2
7 2 5
24 5 1
0 5 2
7 2 5
23 5 1
0 5 2
7 2 5
22 5 1
0 5 2
7 2 5
21 5 1
0 5 2
7 2 5
20 5 1
0 5 2
7 2 5
19 5 1
0 5 2
7 2 5
18 5 1
0 5 2
7 2 5
17 5 1
0 5 2
7 2 5
16 5 1
0 5 2
7 2 5
15 5 1
0 5 2
7 2 5
14 5 1
0 5 2
7 2 5
13 5 1
0 5 2
7 2 5
12 5 1
0 5 2
7 2 5
11 5 1
0 5 2
7 2 5
10 5 1
0 5 2
7 2 5
9 5 1
0 5 2
7 2 5
8 5 1
0 5 2
6 5 1
24 2 5
0 5 2
6 5 1
23 2 5
0 5 2
6 5 1
22 2 5
0 5 2
6 5 1
21 2 5
0 5 2
6 5 1
20 2 5
0 5 2
6 5 1
19 2 5
0 5 2
6 5 1
18 2 5
0 5 2
6 5 1
17 2 5
0 5 2
6 5 1
16 2 5
0 5 2
6 5 1
15 2 5
0 5 2
6 5 1
14 2 5
0 5 2
6 5 1
13 2 5
0 5 2
6 5 1
12 2 5
0 5 2
6 5 1
11 2 5
0 5 2
6 5 1
10 2 5
0 5 2
6 5 1
9 2 5
0 5 2
6 5 1
8 2 5
0 5 2
6 5 1
7 2 5
0 5 2
6 2 5
24 5 1
0 5 2
6 2 5
23 5 1
0 5 2
6 2 5
22 5 1
0 5 2
6 2 5
21 5 1
0 5 2
6 2 5
20 5 1
0 5 2
6 2 5
19 5 1
0 5 2
6 2 5
18 5 1
0 5 2
6 2 5
17 5 1
0 5 2
6 2 5
16 5 1
0 5 2
6 2 5
15 5 1
0 5 2
6 2 5
14 5 1
0 5 2
6 2 5
13 5 1
0 5 2
6 2 5
12 5 1
0 5 2
6 2 5
11 5 1
0 5 2
6 2 5
10 5 1
0 5 2
6 2 5
9 5 1
0 5 2
6 2 5
8 5 1
0 5 2
6 2 5
7 5 1
0 5 2
5 5 1
24 2 5
0 5 2
5 5 1
23 2 5
0 5 2
5 5 1
22 2 5
0 5 2
5 5 1
21 2 5
0 5 2
5 5 1
20 2 5
0 5 2
5 5 1
19 2 5
0 5 2
5 5 1
18 2 5
0 5 2
5 5 1
17 2 5
0 5 2
5 5 1
16 2 5
0 5 2
5 5 1
15 2 5
0 5 2
5 5 1
14 2 5
0 5 2
5 5 1
13 2 5
0 5 2
5 5 1
12 2 5
0 5 2
5 5 1
11 2 5
0 5 2
5 5 1
10 2 5
0 5 2
5 5 1
9 2 5
0 5 2
5 5 1
8 2 5
0 5 2
5 5 1
7 2 5
0 5 2
5 5 1
6 2 5
0 5 2
5 2 5
24 5 1
0 5 2
5 2 5
23 5 1
0 5 2
5 2 5
22 5 1
0 5 2
5 2 5
21 5 1
0 5 2
5 2 5
20 5 1
0 5 2
5 2 5
19 5 1
0 5 2
5 2 5
18 5 1
0 5 2
5 2 5
17 5 1
0 5 2
5 2 5
16 5 1
0 5 2
5 2 5
15 5 1
0 5 2
5 2 5
14 5 1
0 5 2
5 2 5
13 5 1
0 5 2
5 2 5
12 5 1
0 5 2
5 2 5
11 5 1
0 5 2
5 2 5
10 5 1
0 5 2
5 2 5
9 5 1
0 5 2
5 2 5
8 5 1
0 5 2
5 2 5
7 5 1
0 5 2
5 2 5
6 5 1
0 5 2
4 5 1
24 2 5
0 5 2
4 5 1
23 2 5
0 5 2
4 5 1
22 2 5
0 5 2
4 5 1
21 2 5
0 5 2
4 5 1
20 2 5
0 5 2
4 5 1
19 2 5
0 5 2
4 5 1
18 2 5
0 5 2
4 5 1
17 2 5
0 5 2
4 5 1
16 2 5
0 5 2
4 5 1
15 2 5
0 5 2
4 5 1
14 2 5
0 5 2
4 5 1
13 2 5
0 5 2
4 5 1
12 2 5
0 5 2
4 5 1
11 2 5
0 5 2
4 5 1
10 2 5
0 5 2
4 5 1
9 2 5
0 5 2
4 5 1
8 2 5
0 5 2
4 5 1
7 2 5
0 5 2
4 5 1
6 2 5
0 5 2
4 5 1
5 2 5
0 5 2
4 2 5
24 5 1
0 5 2
4 2 5
23 5 1
0 5 2
4 2 5
22 5 1
0 5 2
4 2 5
21 5 1
0 5 2
4 2 5
20 5 1
0 5 2
4 2 5
19 5 1
0 5 2
4 2 5
18 5 1
0 5 2
4 2 5
17 5 1
0 5 2
4 2 5
16 5 1
0 5 2
4 2 5
15 5 1
0 5 2
4 2 5
14 5 1
0 5 2
4 2 5
13 5 1
0 5 2
4 2 5
12 5 1
0 5 2
4 2 5
11 5 1
0 5 2
4 2 5
10 5 1
0 5 2
4 2 5
9 5 1
0 5 2
4 2 5
8 5 1
0 5 2
4 2 5
7 5 1
0 5 2
4 2 5
6 5 1
0 5 2
4 2 5
5 5 1
0 5 2
3 5 1
24 2 5
0 5 2
3 5 1
23 2 5
0 5 2
3 5 1
22 2 5
0 5 2
3 5 1
21 2 5
0 5 2
3 5 1
20 2 5
0 5 2
3 5 1
19 2 5
0 5 2
3 5 1
18 2 5
0 5 2
3 5 1
17 2 5
0 5 2
3 5 1
16 2 5
0 5 2
3 5 1
15 2 5
0 5 2
3 5 1
14 2 5
0 5 2
3 5 1
13 2 5
0 5 2
3 5 1
12 2 5
0 5 2
3 5 1
11 2 5
0 5 2
3 5 1
10 2 5
0 5 2
3 5 1
9 2 5
0 5 2
3 5 1
8 2 5
0 5 2
3 5 1
7 2 5
0 5 2
3 5 1
6 2 5
0 5 2
3 5 1
5 2 5
0 5 2
3 5 1
4 2 5
0 5 2
3 2 5
24 5 1
0 5 2
3 2 5
23 5 1
0 5 2
3 2 5
22 5 1
0 5 2
3 2 5
21 5 1
0 5 2
3 2 5
20 5 1
0 5 2
3 2 5
19 5 1
0 5 2
3 2 5
18 5 1
0 5 2
3 2 5
17 5 1
0 5 2
3 2 5
16 5 1
0 5 2
3 2 5
15 5 1
0 5 2
3 2 5
14 5 1
0 5 2
3 2 5
13 5 1
0 5 2
3 2 5
12 5 1
0 5 2
3 2 5
11 5 1
0 5 2
3 2 5
10 5 1
0 5 2
3 2 5
9 5 1
0 5 2
3 2 5
8 5 1
0 5 2
3 2 5
7 5 1
0 5 2
3 2 5
6 5 1
0 5 2
3 2 5
5 5 1
0 5 2
3 2 5
4 5 1
0 5 2
2 5 1
24 2 5
0 5 2
2 5 1
23 2 5
0 5 2
2 5 1
22 2 5
0 5 2
2 5 1
21 2 5
0 5 2
2 5 1
20 2 5
0 5 2
2 5 1
19 2 5
0 5 2
2 5 1
18 2 5
0 5 2
2 5 1
17 2 5
0 5 2
2 5 1
16 2 5
0 5 2
2 5 1
15 2 5
0 5 2
2 5 1
14 2 5
0 5 2
2 5 1
13 2 5
0 5 2
2 5 1
12 2 5
0 5 2
2 5 1
11 2 5
0 5 2
2 5 1
10 2 5
0 5 2
2 5 1
9 2 5
0 5 2
2 5 1
8 2 5
0 5 2
2 5 1
7 2 5
0 5 2
2 5 1
6 2 5
0 5 2
2 5 1
5 2 5
0 5 2
2 5 1
4 2 5
0 5 2
2 5 1
3 2 5
0 5 2
2 2 5
24 5 1
0 5 2
2 2 5
23 5 1
0 5 2
2 2 5
22 5 1
0 5 2
2 2 5
21 5 1
0 5 2
2 2 5
20 5 1
0 5 2
2 2 5
19 5 1
0 5 2
2 2 5
18 5 1
0 5 2
2 2 5
17 5 1
0 5 2
2 2 5
16 5 1
0 5 2
2 2 5
15 5 1
0 5 2
2 2 5
14 5 1
0 5 2
2 2 5
13 5 1
0 5 2
2 2 5
12 5 1
0 5 2
2 2 5
11 5 1
0 5 2
2 2 5
10 5 1
0 5 2
2 2 5
9 5 1
0 5 2
2 2 5
8 5 1
0 5 2
2 2 5
7 5 1
0 5 2
2 2 5
6 5 1
0 5 2
2 2 5
5 5 1
0 5 2
2 2 5
4 5 1
0 5 2
2 2 5
3 5 1
0 5 2
1 5 1
24 2 5
0 5 2
1 5 1
23 2 5
0 5 2
1 5 1
22 2 5
0 5 2
1 5 1
21 2 5
0 5 2
1 5 1
20 2 5
0 5 2
1 5 1
19 2 5
0 5 2
1 5 1
18 2 5
0 5 2
1 5 1
17 2 5
0 5 2
1 5 1
16 2 5
0 5 2
1 5 1
15 2 5
0 5 2
1 5 1
14 2 5
0 5 2
1 5 1
13 2 5
0 5 2
1 5 1
12 2 5
0 5 2
1 5 1
11 2 5
0 5 2
1 5 1
10 2 5
0 5 2
1 5 1
9 2 5
0 5 2
1 5 1
8 2 5
0 5 2
1 5 1
7 2 5
0 5 2
1 5 1
6 2 5
0 5 2
1 5 1
5 2 5
0 5 2
1 5 1
4 2 5
0 5 2
1 5 1
3 2 5
0 5 2
1 5 1
2 2 5
0 5 2
1 2 5
24 5 1
0 5 2
1 2 5
23 5 1
0 5 2
1 2 5
22 5 1
0 5 2
1 2 5
21 5 1
0 5 2
1 2 5
20 5 1
0 5 2
1 2 5
19 5 1
0 5 2
1 2 5
18 5 1
0 5 2
1 2 5
17 5 1
0 5 2
1 2 5
16 5 1
0 5 2
1 2 5
15 5 1
0 5 2
1 2 5
14 5 1
0 5 2
1 2 5
13 5 1
0 5 2
1 2 5
12 5 1
0 5 2
1 2 5
11 5 1
0 5 2
1 2 5
10 5 1
0 5 2
1 2 5
9 5 1
0 5 2
1 2 5
8 5 1
0 5 2
1 2 5
7 5 1
0 5 2
1 2 5
6 5 1
0 5 2
1 2 5
5 5 1
0 5 2
1 2 5
4 5 1
0 5 2
1 2 5
3 5 1
0 5 2
1 2 5
2 5 1
