10.00
6.67
9.00
11.00
8.50
16.00
3.50
5.00
0.00
8.67
0.00
4.50
0.00
8.67
22.00
22.00
12.00
47.50
7.00
0.00
29.00
31.00
0.00
12.67
0.00
15.50
0.00
3.00
13.33
25.00
18.50
8.67
0.00
0.00
0.00
6.00
0.00
19.50
15.00
5.00
10.50
18.00
29.50
27.50
22.00
2.50
5.00
23.50
35.33
22.00
13.00
0.00
0.00
0.00
50.75
10.00
20.50
6.00
0.00
0.00
34.50
0.00
31.00
29.33
6.00
36.00
7.67
9.00
0.00
6.50
13.33
11.33
22.75
30.50
16.00
0.00
1.50
21.33
8.00
0.00
4.00
16.00
0.00
16.00
39.33
30.00
22.50
33.00
0.00
25.67
10.00
0.00
11.00
14.00
0.00
0.00
0.00
17.50
35.33
3.00
0.00
0.00
34.75
0.00
0.00
5.67
12.00
0.00
17.00
5.00
40.75
7.00
0.00
22.00
16.00
25.00
49.50
15.00
35.75
10.00
36.00
12.50
0.00
23.00
0.00
0.00
20.00
18.50
0.00
0.00
20.00
26.00
17.33
13.00
10.00
41.25
26.00
12.00
49.75
0.00
14.67
7.00
0.00
18.00
10.00
19.00
12.00
11.33
12.50
0.00
28.50
0.00
15.00
26.00
0.00
12.00
9.33
11.00
22.00
0.00
16.50
38.33
0.00
26.00
0.00
16.00
31.33
0.00
12.00
5.75
0.00
27.00
16.33
0.00
18.00
0.00
32.67
18.25
27.33
24.67
0.00
35.33
15.25
12.50
38.00
10.00
0.00
17.00
0.00
25.00
15.00
19.50
43.00
8.50
7.00
23.33
12.50
35.33
6.00
0.00
15.50
0.00
11.00
0.00
50.00
7.00
0.00
24.00
0.00
0.00
0.00
24.00
44.00
19.00
19.50
8.00
18.00
36.67
17.33
34.50
38.33
13.33
9.00
35.00
51.50
0.00
25.75
8.00
16.00
24.00
12.00
22.00
30.50
20.75
17.67
16.00
37.50
10.00
10.00
0.00
4.33
7.00
5.00
10.00
0.00
11.00
11.00
37.00
14.00
21.50
28.25
9.00
6.33
24.00
15.33
14.67
20.00
31.50
26.67
13.00
12.67
7.33
0.00
0.00
29.75
19.50
4.50
0.00
8.00
23.00
16.00
34.00
0.00
0.00
27.25
19.25
5.00
0.00
16.50
10.00
28.00
29.00
21.00
24.67
12.50
22.50
0.00
16.25
15.50
28.67
30.00
55.00
12.00
29.50
17.00
0.00
30.67
37.33
19.00
0.00
0.00
30.00
5.50
24.00
6.50
0.00
0.00
0.00
21.33
16.67
27.00
15.00
10.00
22.00
20.75
31.75
0.00
9.00
0.00
0.00
19.33
25.00
12.75
19.50
23.75
27.33
20.00
0.00
14.33
18.67
14.00
11.00
0.00
25.75
0.00
21.00
0.00
5.25
8.67
11.50
15.00
28.00
29.67
0.00
0.00
20.67
16.00
5.33
23.25
0.00
0.00
17.50
4.50
22.00
22.00
11.00
7.50
19.00
21.50
16.00
0.00
18.00
29.67
12.00
7.00
0.00
0.00
19.67
13.00
44.25
15.33
7.33
0.00
20.25
0.00
0.00
14.67
26.75
31.00
0.00
0.00
40.25
21.00
29.33
24.67
33.75
28.00
0.00
13.50
9.00
30.33
27.00
8.67
7.00
0.00
6.00
0.00
23.00
0.00
39.75
35.00
0.00
33.67
0.00
21.00
22.67
14.67
6.50
17.00
31.33
0.00
0.00
0.00
13.00
20.25
26.00
6.50
18.00
14.00
5.00
15.00
20.50
11.00
15.00
0.00
0.00
17.67
33.75
32.00
25.33
36.00
11.00
0.00
5.50
17.33
3.00
0.00
5.33
10.00
11.00
18.00
25.50
20.00
17.00
14.00
33.00
40.75
11.50
37.67
13.33
16.67
23.50
15.00
0.00
27.00
27.00
18.00
0.00
22.67
26.75
5.50
13.00
21.33
12.00
15.50
18.00
14.50
13.67
13.00
12.00
28.67
19.50
27.33
21.67
13.50
0.00
31.50
0.00
0.00
29.50
14.00
10.50
46.00
37.67
0.00
9.00
4.75
4.00
23.00
5.50
35.00
0.00
17.00
24.00
13.50
20.67
8.00
9.33
14.00
9.50
37.75
18.00
13.33
5.33
51.00
0.00
29.50
0.00
15.50
0.00
7.75
4.25
0.00
0.00
9.50
0.00
38.00
0.00
5.00
16.67
26.67
0.00
0.00
7.33
0.00
0.00
22.33
11.00
1.00
24.00
0.00
0.00
9.33
19.00
28.00
16.67
7.33
15.33
27.00
10.00
21.33
23.50
0.00
8.25
11.00
20.00
0.00
33.00
14.67
28.00
0.00
19.50
6.33
7.33
32.00
5.00
31.50
0.00
28.00
11.50
22.50
28.00
10.00
18.25
0.00
11.50
0.00
26.67
15.50
36.00
0.00
25.33
0.00
14.00
17.75
25.33
6.67
0.00
0.00
22.00
18.25
33.67
39.50
0.00
0.00
0.00
13.50
0.00
9.00
0.00
19.50
24.50
4.50
32.75
19.00
8.50
17.67
29.25
9.50
34.67
10.00
0.00
31.00
14.50
0.00
23.00
22.33
13.33
36.25
18.33
27.33
0.00
29.50
36.67
0.00
0.00
8.25
8.00
7.33
27.00
30.00
13.00
47.00
10.00
4.25
4.00
27.33
0.00
0.00
0.00
30.00
0.00
12.67
0.00
39.75
15.00
9.25
12.67
30.00
7.00
13.50
0.00
33.33
0.00
48.00
12.67
0.00
35.33
38.50
7.33
28.00
5.00
12.67
4.25
25.00
0.00
18.75
0.00
20.50
50.50
24.75
2.50
34.00
12.67
13.00
0.00
20.00
37.33
24.00
0.00
16.33
27.00
18.25
32.67
0.00
19.00
34.50
34.33
0.00
25.50
6.67
21.00
32.50
0.00
18.00
17.67
0.00
0.00
30.00
9.00
12.33
24.50
29.00
16.50
13.00
4.00
7.00
12.50
25.67
0.00
4.50
0.00
10.00
5.75
16.00
19.00
0.00
0.00
19.00
24.25
0.00
0.00
14.00
34.67
0.00
27.00
0.00
29.00
15.33
18.00
10.00
25.00
13.00
28.25
30.75
25.00
0.00
15.50
17.00
7.00
17.50
24.50
14.00
6.00
0.00
17.00
34.00
12.33
28.00
44.50
0.00
21.75
12.00
11.50
39.33
17.75
18.67
17.25
0.00
12.00
7.00
0.00
12.00
28.00
8.00
16.50
13.00
12.00
8.67
17.00
0.00
21.00
23.50
7.00
8.67
0.00
25.33
0.00
18.75
28.00
14.67
21.00
10.00
0.00
13.00
4.00
0.00
44.25
6.67
24.33
0.00
9.00
13.00
23.00
7.00
12.00
10.00
14.50
24.50
12.00
24.00
18.00
28.50
21.50
20.00
0.00
43.00
34.00
6.00
8.00
9.33
10.50
0.00
0.00
0.00
26.67
31.33
8.00
5.50
0.00
14.50
11.33
33.00
32.33
35.00
14.00
19.00
40.00
8.50
0.00
7.75
0.00
0.00
0.00
0.00
9.00
27.50
26.00
0.00
5.50
0.00
4.50
0.00
0.00
11.33
18.67
23.75
7.67
6.67
11.50
9.00
30.67
18.67
19.67
0.00
23.00
14.00
28.00
21.00
16.00
0.00
30.50
0.00
0.00
11.00
11.33
13.00
35.00
8.67
0.00
33.00
16.00
0.00
29.00
13.50
8.67
16.50
45.50
16.50
25.75
12.67
36.50
18.00
0.00
26.00
25.00
19.00
26.50
10.00
10.00
15.00
43.25
30.25
6.67
19.00
12.00
19.50
13.00
18.50
14.00
25.00
32.00
18.00
5.50
0.00
26.00
14.50
39.00
0.00
27.33
21.00
13.00
0.00
7.00
37.00
13.00
16.00
27.00
40.50
27.00
40.00
0.00
13.00
0.00
0.00
8.00
0.00
13.00
0.00
14.50
45.50
0.00
22.00
37.00
10.00
25.67
13.00
0.00
15.33
12.00
26.00
16.00
12.00
25.00
20.50
11.00
33.50
48.25
5.50
15.00
6.00
9.33
16.00
14.00
8.00
30.67
14.67
26.00
31.33
38.75
59.50
22.50
12.00
36.33
9.00
18.33
15.00
5.50
28.00
22.50
9.50
33.00
14.75
29.67
14.00
16.00
16.25
23.50
5.33
10.67
10.00
0.00
13.50
17.50
27.00
0.00
27.00
15.00
23.50
30.00
0.00
24.00
22.00
0.00
5.00
12.50
13.50
10.67
24.33
23.50
0.00
5.00
26.00
0.00
48.50
17.33
22.00
34.00
29.50
44.75
